<?xml version="1.0" encoding="UTF-8"?>
<coverage generated="1551352752433" clover="3.2.0">
  <project timestamp="1551352752434" name="All files">
    <metrics statements="35" coveredstatements="24" conditionals="7" coveredconditionals="7" methods="4" coveredmethods="0" elements="46" coveredelements="31" complexity="0" loc="35" ncloc="35" packages="2" files="3" classes="3">
      <package name="lambda.custom">
        <metrics statements="27" coveredstatements="24" conditionals="7" coveredconditionals="7" methods="0" coveredmethods="0"/>
        <file name="index.js" path="/Users/svtuser/Desktop/alexa-skill-folder/tutorial_begin/Greetings/hello-world/lambda/custom/index.js">
          <metrics statements="27" coveredstatements="24" conditionals="7" coveredconditionals="7" methods="0" coveredmethods="0"/>
          <line num="4" count="1" type="stmt"/>
          <line num="6" count="1" type="stmt"/>
          <line num="8" count="16" type="stmt"/>
          <line num="11" count="7" type="stmt"/>
          <line num="13" count="7" type="stmt"/>
          <line num="21" count="1" type="stmt"/>
          <line num="23" count="9" type="cond" truecount="2" falsecount="0"/>
          <line num="27" count="2" type="stmt"/>
          <line num="29" count="2" type="stmt"/>
          <line num="36" count="1" type="stmt"/>
          <line num="38" count="7" type="cond" truecount="2" falsecount="0"/>
          <line num="42" count="3" type="stmt"/>
          <line num="44" count="3" type="stmt"/>
          <line num="52" count="1" type="stmt"/>
          <line num="54" count="4" type="cond" truecount="3" falsecount="0"/>
          <line num="59" count="3" type="stmt"/>
          <line num="61" count="3" type="stmt"/>
          <line num="68" count="1" type="stmt"/>
          <line num="70" count="1" type="stmt"/>
          <line num="73" count="1" type="stmt"/>
          <line num="75" count="1" type="stmt"/>
          <line num="79" count="1" type="stmt"/>
          <line num="81" count="0" type="stmt"/>
          <line num="84" count="0" type="stmt"/>
          <line num="86" count="0" type="stmt"/>
          <line num="93" count="1" type="stmt"/>
          <line num="95" count="1" type="stmt"/>
        </file>
      </package>
      <package name="test">
        <metrics statements="8" coveredstatements="0" conditionals="0" coveredconditionals="0" methods="4" coveredmethods="0"/>
        <file name="context.js" path="/Users/svtuser/Desktop/alexa-skill-folder/tutorial_begin/Greetings/hello-world/test/context.js">
          <metrics statements="4" coveredstatements="0" conditionals="0" coveredconditionals="0" methods="4" coveredmethods="0"/>
          <line num="1" count="0" type="stmt"/>
          <line num="2" count="0" type="stmt"/>
          <line num="4" count="0" type="stmt"/>
          <line num="7" count="0" type="stmt"/>
        </file>
        <file name="index.js" path="/Users/svtuser/Desktop/alexa-skill-folder/tutorial_begin/Greetings/hello-world/test/index.js">
          <metrics statements="4" coveredstatements="0" conditionals="0" coveredconditionals="0" methods="0" coveredmethods="0"/>
          <line num="1" count="0" type="stmt"/>
          <line num="2" count="0" type="stmt"/>
          <line num="3" count="0" type="stmt"/>
          <line num="4" count="0" type="stmt"/>
        </file>
      </package>
    </metrics>
  </project>
</coverage>
