{"/Users/svtuser/Desktop/alexa-skill-folder/tutorial_begin/Greetings/hello-world/lambda/custom/index.js": {"path":"/Users/svtuser/Desktop/alexa-skill-folder/tutorial_begin/Greetings/hello-world/lambda/custom/index.js","statementMap":{"0":{"start":{"line":4,"column":14},"end":{"line":4,"column":37}},"1":{"start":{"line":6,"column":29},"end":{"line":19,"column":1}},"2":{"start":{"line":8,"column":4},"end":{"line":8,"column":73}},"3":{"start":{"line":11,"column":23},"end":{"line":11,"column":76}},"4":{"start":{"line":13,"column":4},"end":{"line":17,"column":21}},"5":{"start":{"line":21,"column":32},"end":{"line":34,"column":1}},"6":{"start":{"line":23,"column":4},"end":{"line":24,"column":81}},"7":{"start":{"line":27,"column":23},"end":{"line":27,"column":37}},"8":{"start":{"line":29,"column":4},"end":{"line":32,"column":21}},"9":{"start":{"line":36,"column":26},"end":{"line":50,"column":1}},"10":{"start":{"line":38,"column":4},"end":{"line":39,"column":82}},"11":{"start":{"line":42,"column":23},"end":{"line":42,"column":49}},"12":{"start":{"line":44,"column":4},"end":{"line":48,"column":21}},"13":{"start":{"line":52,"column":35},"end":{"line":66,"column":1}},"14":{"start":{"line":54,"column":4},"end":{"line":56,"column":85}},"15":{"start":{"line":59,"column":23},"end":{"line":59,"column":33}},"16":{"start":{"line":61,"column":4},"end":{"line":64,"column":21}},"17":{"start":{"line":68,"column":35},"end":{"line":77,"column":1}},"18":{"start":{"line":70,"column":4},"end":{"line":70,"column":79}},"19":{"start":{"line":73,"column":4},"end":{"line":73,"column":93}},"20":{"start":{"line":75,"column":4},"end":{"line":75,"column":54}},"21":{"start":{"line":79,"column":21},"end":{"line":91,"column":1}},"22":{"start":{"line":81,"column":4},"end":{"line":81,"column":16}},"23":{"start":{"line":84,"column":4},"end":{"line":84,"column":51}},"24":{"start":{"line":86,"column":4},"end":{"line":89,"column":21}},"25":{"start":{"line":93,"column":21},"end":{"line":93,"column":49}},"26":{"start":{"line":95,"column":0},"end":{"line":104,"column":12}}},"fnMap":{},"branchMap":{"0":{"loc":{"start":{"line":23,"column":11},"end":{"line":24,"column":80}},"type":"binary-expr","locations":[{"start":{"line":23,"column":11},"end":{"line":23,"column":72}},{"start":{"line":24,"column":9},"end":{"line":24,"column":80}}],"line":23},"1":{"loc":{"start":{"line":38,"column":11},"end":{"line":39,"column":81}},"type":"binary-expr","locations":[{"start":{"line":38,"column":11},"end":{"line":38,"column":72}},{"start":{"line":39,"column":9},"end":{"line":39,"column":81}}],"line":38},"2":{"loc":{"start":{"line":54,"column":11},"end":{"line":56,"column":84}},"type":"binary-expr","locations":[{"start":{"line":54,"column":11},"end":{"line":54,"column":72}},{"start":{"line":55,"column":10},"end":{"line":55,"column":84}},{"start":{"line":56,"column":11},"end":{"line":56,"column":83}}],"line":54}},"s":{"0":1,"1":1,"2":16,"3":7,"4":7,"5":1,"6":9,"7":2,"8":2,"9":1,"10":7,"11":3,"12":3,"13":1,"14":4,"15":3,"16":3,"17":1,"18":1,"19":1,"20":1,"21":1,"22":0,"23":0,"24":0,"25":1,"26":1},"f":{},"b":{"0":[9,8],"1":[7,6],"2":[4,3,2]},"_coverageSchema":"332fd63041d2c1bcb487cc26dd0d5f7d97098a6c","hash":"51810b3f307b16a1ba22f6e20042c4f2ece512cc"}
,"/Users/svtuser/Desktop/alexa-skill-folder/tutorial_begin/Greetings/hello-world/test/context.js": {"path":"/Users/svtuser/Desktop/alexa-skill-folder/tutorial_begin/Greetings/hello-world/test/context.js","statementMap":{"0":{"start":{"line":1,"column":0},"end":{"line":22,"column":2}},"1":{"start":{"line":2,"column":4},"end":{"line":20,"column":6}},"2":{"start":{"line":4,"column":12},"end":{"line":4,"column":61}},"3":{"start":{"line":7,"column":12},"end":{"line":7,"column":58}}},"fnMap":{"0":{"name":"(anonymous_0)","decl":{"start":{"line":1,"column":17},"end":{"line":1,"column":18}},"loc":{"start":{"line":1,"column":28},"end":{"line":22,"column":1}},"line":1},"1":{"name":"(anonymous_1)","decl":{"start":{"line":3,"column":17},"end":{"line":3,"column":18}},"loc":{"start":{"line":3,"column":34},"end":{"line":5,"column":9}},"line":3},"2":{"name":"(anonymous_2)","decl":{"start":{"line":6,"column":14},"end":{"line":6,"column":15}},"loc":{"start":{"line":6,"column":28},"end":{"line":8,"column":9}},"line":6},"3":{"name":"(anonymous_3)","decl":{"start":{"line":9,"column":14},"end":{"line":9,"column":15}},"loc":{"start":{"line":9,"column":36},"end":{"line":11,"column":9}},"line":9}},"branchMap":{},"s":{"0":0,"1":0,"2":0,"3":0},"f":{"0":0,"1":0,"2":0,"3":0},"b":{}}
,"/Users/svtuser/Desktop/alexa-skill-folder/tutorial_begin/Greetings/hello-world/test/index.js": {"path":"/Users/svtuser/Desktop/alexa-skill-folder/tutorial_begin/Greetings/hello-world/test/index.js","statementMap":{"0":{"start":{"line":1,"column":15},"end":{"line":1,"column":40}},"1":{"start":{"line":2,"column":12},"end":{"line":2,"column":26}},"2":{"start":{"line":3,"column":0},"end":{"line":3,"column":12}},"3":{"start":{"line":4,"column":0},"end":{"line":4,"column":12}}},"fnMap":{},"branchMap":{},"s":{"0":0,"1":0,"2":0,"3":0},"f":{},"b":{}}
}
