TN:
SF:/Users/svtuser/Desktop/alexa-skill-folder/tutorial_begin/Greetings/hello-world/lambda/custom/index.js
FNF:0
FNH:0
DA:4,1
DA:6,1
DA:8,16
DA:11,7
DA:13,7
DA:21,1
DA:23,9
DA:27,2
DA:29,2
DA:36,1
DA:38,7
DA:42,3
DA:44,3
DA:52,1
DA:54,4
DA:59,3
DA:61,3
DA:68,1
DA:70,1
DA:73,1
DA:75,1
DA:79,1
DA:81,0
DA:84,0
DA:86,0
DA:93,1
DA:95,1
LF:27
LH:24
BRDA:23,0,0,9
BRDA:23,0,1,8
BRDA:38,1,0,7
BRDA:38,1,1,6
BRDA:54,2,0,4
BRDA:54,2,1,3
BRDA:54,2,2,2
BRF:7
BRH:7
end_of_record
TN:
SF:/Users/svtuser/Desktop/alexa-skill-folder/tutorial_begin/Greetings/hello-world/test/context.js
FN:1,(anonymous_0)
FN:3,(anonymous_1)
FN:6,(anonymous_2)
FN:9,(anonymous_3)
FNF:4
FNH:0
FNDA:0,(anonymous_0)
FNDA:0,(anonymous_1)
FNDA:0,(anonymous_2)
FNDA:0,(anonymous_3)
DA:1,0
DA:2,0
DA:4,0
DA:7,0
LF:4
LH:0
BRF:0
BRH:0
end_of_record
TN:
SF:/Users/svtuser/Desktop/alexa-skill-folder/tutorial_begin/Greetings/hello-world/test/index.js
FNF:0
FNH:0
DA:1,0
DA:2,0
DA:3,0
DA:4,0
LF:4
LH:0
BRF:0
BRH:0
end_of_record
